\BOOKMARK [0][-]{chapter.1}{\376\377\0001\000\040\330\074\337\063\000\040\000S\000c\000a\000p\000e\000g\000o\000a\000t\000\040\000T\000r\000e\000e\000\040\000I\000m\000p\000l\000e\000m\000e\000n\000t\000a\000t\000i\000o\000n\000\040}{}% 1
\BOOKMARK [1][-]{subsection.1.0.1}{\376\377\0001\000.\0000\000.\0001\000\040\000A\000\040\000S\000e\000l\000f\000-\000B\000a\000l\000a\000n\000c\000i\000n\000g\000\040\000B\000S\000T\000\040\000w\000i\000t\000h\000\040\000M\000u\000l\000t\000i\000-\000P\000l\000a\000t\000f\000o\000r\000m\000\040\000S\000u\000p\000p\000o\000r\000t}{chapter.1}% 2
\BOOKMARK [1][-]{section.1.1}{\376\377\0001\000.\0001\000\040\330\075\334\332\000\040\000D\000o\000c\000u\000m\000e\000n\000t\000a\000t\000i\000o\000n}{chapter.1}% 3
\BOOKMARK [1][-]{section.1.2}{\376\377\0001\000.\0002\000\040\047\050\000\040\000F\000e\000a\000t\000u\000r\000e\000s}{chapter.1}% 4
\BOOKMARK [2][-]{subsection.1.2.1}{\376\377\0001\000.\0002\000.\0001\000\040\000C\000o\000r\000e\000\040\000T\000r\000e\000e\000\040\000F\000e\000a\000t\000u\000r\000e\000s}{section.1.2}% 5
\BOOKMARK [2][-]{subsection.1.2.2}{\376\377\0001\000.\0002\000.\0002\000\040\000C\000u\000s\000t\000o\000m\000\040\000D\000a\000t\000a\000\040\000S\000t\000r\000u\000c\000t\000u\000r\000e\000s}{section.1.2}% 6
\BOOKMARK [2][-]{subsection.1.2.3}{\376\377\0001\000.\0002\000.\0003\000\040\000U\000s\000e\000r\000\040\000I\000n\000t\000e\000r\000f\000a\000c\000e\000s}{section.1.2}% 7
\BOOKMARK [2][-]{subsection.1.2.4}{\376\377\0001\000.\0002\000.\0004\000\040\000A\000d\000v\000a\000n\000c\000e\000d\000\040\000U\000s\000a\000g\000e}{section.1.2}% 8
\BOOKMARK [1][-]{section.1.3}{\376\377\0001\000.\0003\000\040\330\075\336\200\000\040\000Q\000u\000i\000c\000k\000\040\000S\000t\000a\000r\000t}{chapter.1}% 9
\BOOKMARK [2][-]{subsection.1.3.1}{\376\377\0001\000.\0003\000.\0001\000\040\000R\000u\000n\000n\000i\000n\000g\000\040\000t\000h\000e\000\040\000P\000y\000t\000h\000o\000n\000\040\000G\000U\000I\000\040\000\050\000C\000r\000o\000s\000s\000-\000P\000l\000a\000t\000f\000o\000r\000m\000\051}{section.1.3}% 10
\BOOKMARK [2][-]{subsection.1.3.2}{\376\377\0001\000.\0003\000.\0002\000\040\000R\000u\000n\000n\000i\000n\000g\000\040\000t\000h\000e\000\040\000C\000+\000+\000\040\000T\000e\000r\000m\000i\000n\000a\000l\000\040\000U\000I}{section.1.3}% 11
\BOOKMARK [2][-]{subsection.1.3.3}{\376\377\0001\000.\0003\000.\0003\000\040\000R\000u\000n\000n\000i\000n\000g\000\040\000v\000i\000a\000\040\000D\000o\000c\000k\000e\000r}{section.1.3}% 12
\BOOKMARK [1][-]{section.1.4}{\376\377\0001\000.\0004\000\040\330\075\334\326\000\040\000A\000l\000g\000o\000r\000i\000t\000h\000m\000\040\000O\000v\000e\000r\000v\000i\000e\000w}{chapter.1}% 13
\BOOKMARK [2][-]{subsection.1.4.1}{\376\377\0001\000.\0004\000.\0001\000\040\000C\000o\000m\000p\000l\000e\000x\000i\000t\000y\000\040\000A\000n\000a\000l\000y\000s\000i\000s}{section.1.4}% 14
\BOOKMARK [1][-]{section.1.5}{\376\377\0001\000.\0005\000\040\330\075\336\340\376\017\000\040\000P\000r\000e\000r\000e\000q\000u\000i\000s\000i\000t\000e\000s}{chapter.1}% 15
\BOOKMARK [2][-]{subsection.1.5.1}{\376\377\0001\000.\0005\000.\0001\000\040\000R\000e\000q\000u\000i\000r\000e\000d}{section.1.5}% 16
\BOOKMARK [2][-]{subsection.1.5.2}{\376\377\0001\000.\0005\000.\0002\000\040\000O\000p\000t\000i\000o\000n\000a\000l}{section.1.5}% 17
\BOOKMARK [1][-]{section.1.6}{\376\377\0001\000.\0006\000\040\330\075\334\273\000\040\000I\000n\000s\000t\000a\000l\000l\000a\000t\000i\000o\000n}{chapter.1}% 18
\BOOKMARK [2][-]{subsection.1.6.1}{\376\377\0001\000.\0006\000.\0001\000\040\000W\000i\000n\000d\000o\000w\000s}{section.1.6}% 19
\BOOKMARK [2][-]{subsection.1.6.2}{\376\377\0001\000.\0006\000.\0002\000\040\000L\000i\000n\000u\000x\000/\000M\000a\000c}{section.1.6}% 20
\BOOKMARK [1][-]{section.1.7}{\376\377\0001\000.\0007\000\040\330\075\334\335\000\040\000U\000s\000a\000g\000e\000\040\000E\000x\000a\000m\000p\000l\000e\000s}{chapter.1}% 21
\BOOKMARK [2][-]{subsection.1.7.1}{\376\377\0001\000.\0007\000.\0001\000\040\000P\000y\000t\000h\000o\000n\000\040\000I\000n\000t\000e\000r\000f\000a\000c\000e}{section.1.7}% 22
\BOOKMARK [2][-]{subsection.1.7.2}{\376\377\0001\000.\0007\000.\0002\000\040\000C\000+\000+\000\040\000I\000n\000t\000e\000r\000f\000a\000c\000e}{section.1.7}% 23
\BOOKMARK [1][-]{section.1.8}{\376\377\0001\000.\0008\000\040\330\076\335\352\000\040\000T\000e\000s\000t\000i\000n\000g}{chapter.1}% 24
\BOOKMARK [2][-]{subsection.1.8.1}{\376\377\0001\000.\0008\000.\0001\000\040\000R\000u\000n\000\040\000U\000n\000i\000t\000\040\000T\000e\000s\000t\000s}{section.1.8}% 25
\BOOKMARK [1][-]{section.1.9}{\376\377\0001\000.\0009\000\040\330\075\334\301\000\040\000P\000r\000o\000j\000e\000c\000t\000\040\000S\000t\000r\000u\000c\000t\000u\000r\000e}{chapter.1}% 26
\BOOKMARK [1][-]{section.1.10}{\376\377\0001\000.\0001\0000\000\040\330\074\337\223\000\040\000L\000e\000a\000r\000n\000i\000n\000g\000\040\000R\000e\000s\000o\000u\000r\000c\000e\000s}{chapter.1}% 27
\BOOKMARK [1][-]{section.1.11}{\376\377\0001\000.\0001\0001\000\040\330\075\334\304\000\040\000L\000i\000c\000e\000n\000s\000e}{chapter.1}% 28
\BOOKMARK [1][-]{section.1.12}{\376\377\0001\000.\0001\0002\000\040\330\075\334\144\000\040\000A\000u\000t\000h\000o\000r}{chapter.1}% 29
\BOOKMARK [1][-]{section.1.13}{\376\377\0001\000.\0001\0003\000\040\330\074\337\037\000\040\000A\000c\000k\000n\000o\000w\000l\000e\000d\000g\000m\000e\000n\000t\000s}{chapter.1}% 30
\BOOKMARK [0][-]{chapter.2}{\376\377\0002\000\040\000D\000i\000r\000e\000c\000t\000o\000r\000y\000\040\000H\000i\000e\000r\000a\000r\000c\000h\000y}{}% 31
\BOOKMARK [1][-]{section.2.1}{\376\377\0002\000.\0001\000\040\000D\000i\000r\000e\000c\000t\000o\000r\000i\000e\000s}{chapter.2}% 32
\BOOKMARK [0][-]{chapter.3}{\376\377\0003\000\040\000C\000l\000a\000s\000s\000\040\000I\000n\000d\000e\000x}{}% 33
\BOOKMARK [1][-]{section.3.1}{\376\377\0003\000.\0001\000\040\000C\000l\000a\000s\000s\000\040\000L\000i\000s\000t}{chapter.3}% 34
\BOOKMARK [0][-]{chapter.4}{\376\377\0004\000\040\000F\000i\000l\000e\000\040\000I\000n\000d\000e\000x}{}% 35
\BOOKMARK [1][-]{section.4.1}{\376\377\0004\000.\0001\000\040\000F\000i\000l\000e\000\040\000L\000i\000s\000t}{chapter.4}% 36
\BOOKMARK [0][-]{chapter.5}{\376\377\0005\000\040\000D\000i\000r\000e\000c\000t\000o\000r\000y\000\040\000D\000o\000c\000u\000m\000e\000n\000t\000a\000t\000i\000o\000n}{}% 37
\BOOKMARK [1][-]{section.5.1}{\376\377\0005\000.\0001\000\040\000C\000P\000P\000\040\000D\000i\000r\000e\000c\000t\000o\000r\000y\000\040\000R\000e\000f\000e\000r\000e\000n\000c\000e}{chapter.5}% 38
\BOOKMARK [0][-]{chapter.6}{\376\377\0006\000\040\000C\000l\000a\000s\000s\000\040\000D\000o\000c\000u\000m\000e\000n\000t\000a\000t\000i\000o\000n}{}% 39
\BOOKMARK [1][-]{section.6.1}{\376\377\0006\000.\0001\000\040\000C\000o\000m\000m\000a\000n\000d\000<\000\040\000T\000\040\000>\000\040\000S\000t\000r\000u\000c\000t\000\040\000T\000e\000m\000p\000l\000a\000t\000e\000\040\000R\000e\000f\000e\000r\000e\000n\000c\000e}{chapter.6}% 40
\BOOKMARK [2][-]{subsection.6.1.1}{\376\377\0006\000.\0001\000.\0001\000\040\000D\000e\000t\000a\000i\000l\000e\000d\000\040\000D\000e\000s\000c\000r\000i\000p\000t\000i\000o\000n}{section.6.1}% 41
\BOOKMARK [2][-]{subsection.6.1.2}{\376\377\0006\000.\0001\000.\0002\000\040\000M\000e\000m\000b\000e\000r\000\040\000D\000a\000t\000a\000\040\000D\000o\000c\000u\000m\000e\000n\000t\000a\000t\000i\000o\000n}{section.6.1}% 42
\BOOKMARK [3][-]{subsubsection.6.1.2.1}{\376\377\0006\000.\0001\000.\0002\000.\0001\000\040\000t\000y\000p\000e}{subsection.6.1.2}% 43
\BOOKMARK [3][-]{subsubsection.6.1.2.2}{\376\377\0006\000.\0001\000.\0002\000.\0002\000\040\000v\000a\000l\000u\000e}{subsection.6.1.2}% 44
\BOOKMARK [1][-]{section.6.2}{\376\377\0006\000.\0002\000\040\000S\000c\000a\000p\000e\000G\000o\000a\000t\000T\000r\000e\000e\000<\000\040\000T\000\040\000>\000:\000:\000i\000t\000e\000r\000a\000t\000o\000r\000\040\000C\000l\000a\000s\000s\000\040\000R\000e\000f\000e\000r\000e\000n\000c\000e}{chapter.6}% 45
\BOOKMARK [2][-]{subsection.6.2.1}{\376\377\0006\000.\0002\000.\0001\000\040\000C\000o\000n\000s\000t\000r\000u\000c\000t\000o\000r\000\040\000\046\000\040\000D\000e\000s\000t\000r\000u\000c\000t\000o\000r\000\040\000D\000o\000c\000u\000m\000e\000n\000t\000a\000t\000i\000o\000n}{section.6.2}% 46
\BOOKMARK [3][-]{subsubsection.6.2.1.1}{\376\377\0006\000.\0002\000.\0001\000.\0001\000\040\000i\000t\000e\000r\000a\000t\000o\000r\000\050\000\051}{subsection.6.2.1}% 47
\BOOKMARK [2][-]{subsection.6.2.2}{\376\377\0006\000.\0002\000.\0002\000\040\000M\000e\000m\000b\000e\000r\000\040\000F\000u\000n\000c\000t\000i\000o\000n\000\040\000D\000o\000c\000u\000m\000e\000n\000t\000a\000t\000i\000o\000n}{section.6.2}% 48
\BOOKMARK [3][-]{subsubsection.6.2.2.1}{\376\377\0006\000.\0002\000.\0002\000.\0001\000\040\000o\000p\000e\000r\000a\000t\000o\000r\000!\000=\000\050\000\051}{subsection.6.2.2}% 49
\BOOKMARK [3][-]{subsubsection.6.2.2.2}{\376\377\0006\000.\0002\000.\0002\000.\0002\000\040\000o\000p\000e\000r\000a\000t\000o\000r\000*\000\050\000\051}{subsection.6.2.2}% 50
\BOOKMARK [3][-]{subsubsection.6.2.2.3}{\376\377\0006\000.\0002\000.\0002\000.\0003\000\040\000o\000p\000e\000r\000a\000t\000o\000r\000+\000+\000\050\000\051\000\040\000[\0001\000/\0002\000]}{subsection.6.2.2}% 51
\BOOKMARK [3][-]{subsubsection.6.2.2.4}{\376\377\0006\000.\0002\000.\0002\000.\0004\000\040\000o\000p\000e\000r\000a\000t\000o\000r\000+\000+\000\050\000\051\000\040\000[\0002\000/\0002\000]}{subsection.6.2.2}% 52
\BOOKMARK [2][-]{subsection.6.2.3}{\376\377\0006\000.\0002\000.\0003\000\040\000M\000e\000m\000b\000e\000r\000\040\000D\000a\000t\000a\000\040\000D\000o\000c\000u\000m\000e\000n\000t\000a\000t\000i\000o\000n}{section.6.2}% 53
\BOOKMARK [3][-]{subsubsection.6.2.3.1}{\376\377\0006\000.\0002\000.\0003\000.\0001\000\040\000c\000u\000r\000r}{subsection.6.2.3}% 54
\BOOKMARK [1][-]{section.6.3}{\376\377\0006\000.\0003\000\040\000I\000T\000r\000e\000e\000\040\000C\000l\000a\000s\000s\000\040\000R\000e\000f\000e\000r\000e\000n\000c\000e}{chapter.6}% 55
\BOOKMARK [2][-]{subsection.6.3.1}{\376\377\0006\000.\0003\000.\0001\000\040\000M\000e\000m\000b\000e\000r\000\040\000F\000u\000n\000c\000t\000i\000o\000n\000\040\000D\000o\000c\000u\000m\000e\000n\000t\000a\000t\000i\000o\000n}{section.6.3}% 56
\BOOKMARK [3][-]{subsubsection.6.3.1.1}{\376\377\0006\000.\0003\000.\0001\000.\0001\000\040\000h\000a\000n\000d\000l\000e\000B\000a\000l\000a\000n\000c\000e\000\050\000\051}{subsection.6.3.1}% 57
\BOOKMARK [3][-]{subsubsection.6.3.1.2}{\376\377\0006\000.\0003\000.\0001\000.\0002\000\040\000h\000a\000n\000d\000l\000e\000B\000a\000t\000c\000h\000e\000s\000\050\000\051}{subsection.6.3.1}% 58
\BOOKMARK [3][-]{subsubsection.6.3.1.3}{\376\377\0006\000.\0003\000.\0001\000.\0003\000\040\000h\000a\000n\000d\000l\000e\000C\000l\000e\000a\000r\000\050\000\051}{subsection.6.3.1}% 59
\BOOKMARK [3][-]{subsubsection.6.3.1.4}{\376\377\0006\000.\0003\000.\0001\000.\0004\000\040\000h\000a\000n\000d\000l\000e\000C\000o\000r\000e\000O\000p\000e\000r\000a\000t\000o\000r\000s\000\050\000\051}{subsection.6.3.1}% 60
\BOOKMARK [3][-]{subsubsection.6.3.1.5}{\376\377\0006\000.\0003\000.\0001\000.\0005\000\040\000h\000a\000n\000d\000l\000e\000D\000i\000s\000p\000l\000a\000y\000\050\000\051}{subsection.6.3.1}% 61
\BOOKMARK [3][-]{subsubsection.6.3.1.6}{\376\377\0006\000.\0003\000.\0001\000.\0006\000\040\000h\000a\000n\000d\000l\000e\000K\000t\000h\000S\000m\000a\000l\000l\000e\000s\000t\000E\000l\000e\000m\000e\000n\000t\000\050\000\051}{subsection.6.3.1}% 62
\BOOKMARK [3][-]{subsubsection.6.3.1.7}{\376\377\0006\000.\0003\000.\0001\000.\0007\000\040\000h\000a\000n\000d\000l\000e\000O\000p\000e\000r\000a\000t\000i\000o\000n\000s\000\050\000\051}{subsection.6.3.1}% 63
\BOOKMARK [3][-]{subsubsection.6.3.1.8}{\376\377\0006\000.\0003\000.\0001\000.\0008\000\040\000h\000a\000n\000d\000l\000e\000O\000p\000e\000r\000a\000t\000o\000r\000C\000o\000m\000p\000a\000r\000e\000\050\000\051}{subsection.6.3.1}% 64
\BOOKMARK [3][-]{subsubsection.6.3.1.9}{\376\377\0006\000.\0003\000.\0001\000.\0009\000\040\000h\000a\000n\000d\000l\000e\000O\000p\000e\000r\000a\000t\000o\000r\000E\000m\000p\000t\000y\000\050\000\051}{subsection.6.3.1}% 65
\BOOKMARK [3][-]{subsubsection.6.3.1.10}{\376\377\0006\000.\0003\000.\0001\000.\0001\0000\000\040\000h\000a\000n\000d\000l\000e\000O\000p\000e\000r\000a\000t\000o\000r\000M\000e\000r\000g\000e\000\050\000\051}{subsection.6.3.1}% 66
\BOOKMARK [3][-]{subsubsection.6.3.1.11}{\376\377\0006\000.\0003\000.\0001\000.\0001\0001\000\040\000h\000a\000n\000d\000l\000e\000S\000u\000c\000e\000s\000s\000o\000r\000\050\000\051}{subsection.6.3.1}% 67
\BOOKMARK [3][-]{subsubsection.6.3.1.12}{\376\377\0006\000.\0003\000.\0001\000.\0001\0002\000\040\000h\000a\000n\000d\000l\000e\000S\000u\000m\000i\000n\000R\000a\000n\000g\000e\000\050\000\051}{subsection.6.3.1}% 68
\BOOKMARK [3][-]{subsubsection.6.3.1.13}{\376\377\0006\000.\0003\000.\0001\000.\0001\0003\000\040\000h\000a\000n\000d\000l\000e\000U\000n\000d\000o\000R\000e\000d\000o\000\050\000\051}{subsection.6.3.1}% 69
\BOOKMARK [3][-]{subsubsection.6.3.1.14}{\376\377\0006\000.\0003\000.\0001\000.\0001\0004\000\040\000h\000a\000n\000d\000l\000e\000V\000a\000l\000u\000e\000s\000i\000n\000R\000a\000n\000g\000e\000\050\000\051}{subsection.6.3.1}% 70
\BOOKMARK [3][-]{subsubsection.6.3.1.15}{\376\377\0006\000.\0003\000.\0001\000.\0001\0005\000\040\000h\000a\000n\000l\000e\000M\000i\000n\000M\000a\000x\000\050\000\051}{subsection.6.3.1}% 71
\BOOKMARK [3][-]{subsubsection.6.3.1.16}{\376\377\0006\000.\0003\000.\0001\000.\0001\0006\000\040\000s\000e\000l\000e\000c\000t\000T\000r\000e\000e\000\050\000\051}{subsection.6.3.1}% 72
\BOOKMARK [3][-]{subsubsection.6.3.1.17}{\376\377\0006\000.\0003\000.\0001\000.\0001\0007\000\040\000T\000r\000e\000e\000U\000I\000\050\000\051}{subsection.6.3.1}% 73
\BOOKMARK [1][-]{section.6.4}{\376\377\0006\000.\0004\000\040\000M\000e\000n\000u\000I\000t\000e\000m\000\040\000S\000t\000r\000u\000c\000t\000\040\000R\000e\000f\000e\000r\000e\000n\000c\000e}{chapter.6}% 74
\BOOKMARK [2][-]{subsection.6.4.1}{\376\377\0006\000.\0004\000.\0001\000\040\000M\000e\000m\000b\000e\000r\000\040\000D\000a\000t\000a\000\040\000D\000o\000c\000u\000m\000e\000n\000t\000a\000t\000i\000o\000n}{section.6.4}% 75
\BOOKMARK [3][-]{subsubsection.6.4.1.1}{\376\377\0006\000.\0004\000.\0001\000.\0001\000\040\000f\000u\000n\000c}{subsection.6.4.1}% 76
\BOOKMARK [3][-]{subsubsection.6.4.1.2}{\376\377\0006\000.\0004\000.\0001\000.\0002\000\040\000n\000a\000m\000e}{subsection.6.4.1}% 77
\BOOKMARK [3][-]{subsubsection.6.4.1.3}{\376\377\0006\000.\0004\000.\0001\000.\0003\000\040\000o\000p\000c\000o\000d\000e}{subsection.6.4.1}% 78
\BOOKMARK [1][-]{section.6.5}{\376\377\0006\000.\0005\000\040\000N\000o\000d\000e\000<\000\040\000T\000\040\000>\000\040\000C\000l\000a\000s\000s\000\040\000T\000e\000m\000p\000l\000a\000t\000e\000\040\000R\000e\000f\000e\000r\000e\000n\000c\000e}{chapter.6}% 79
\BOOKMARK [2][-]{subsection.6.5.1}{\376\377\0006\000.\0005\000.\0001\000\040\000C\000o\000n\000s\000t\000r\000u\000c\000t\000o\000r\000\040\000\046\000\040\000D\000e\000s\000t\000r\000u\000c\000t\000o\000r\000\040\000D\000o\000c\000u\000m\000e\000n\000t\000a\000t\000i\000o\000n}{section.6.5}% 80
\BOOKMARK [3][-]{subsubsection.6.5.1.1}{\376\377\0006\000.\0005\000.\0001\000.\0001\000\040\000N\000o\000d\000e\000\050\000\051}{subsection.6.5.1}% 81
\BOOKMARK [2][-]{subsection.6.5.2}{\376\377\0006\000.\0005\000.\0002\000\040\000F\000r\000i\000e\000n\000d\000s\000\040\000A\000n\000d\000\040\000R\000e\000l\000a\000t\000e\000d\000\040\000S\000y\000m\000b\000o\000l\000\040\000D\000o\000c\000u\000m\000e\000n\000t\000a\000t\000i\000o\000n}{section.6.5}% 82
\BOOKMARK [3][-]{subsubsection.6.5.2.1}{\376\377\0006\000.\0005\000.\0002\000.\0001\000\040\000S\000c\000a\000p\000e\000G\000o\000a\000t\000T\000r\000e\000e}{subsection.6.5.2}% 83
\BOOKMARK [2][-]{subsection.6.5.3}{\376\377\0006\000.\0005\000.\0003\000\040\000M\000e\000m\000b\000e\000r\000\040\000D\000a\000t\000a\000\040\000D\000o\000c\000u\000m\000e\000n\000t\000a\000t\000i\000o\000n}{section.6.5}% 84
\BOOKMARK [3][-]{subsubsection.6.5.3.1}{\376\377\0006\000.\0005\000.\0003\000.\0001\000\040\000l\000e\000f\000t}{subsection.6.5.3}% 85
\BOOKMARK [3][-]{subsubsection.6.5.3.2}{\376\377\0006\000.\0005\000.\0003\000.\0002\000\040\000p\000a\000r\000e\000n\000t}{subsection.6.5.3}% 86
\BOOKMARK [3][-]{subsubsection.6.5.3.3}{\376\377\0006\000.\0005\000.\0003\000.\0003\000\040\000r\000i\000g\000h\000t}{subsection.6.5.3}% 87
\BOOKMARK [3][-]{subsubsection.6.5.3.4}{\376\377\0006\000.\0005\000.\0003\000.\0004\000\040\000s\000i\000z\000e}{subsection.6.5.3}% 88
\BOOKMARK [3][-]{subsubsection.6.5.3.5}{\376\377\0006\000.\0005\000.\0003\000.\0005\000\040\000v\000a\000l\000u\000e}{subsection.6.5.3}% 89
\BOOKMARK [1][-]{section.6.6}{\376\377\0006\000.\0006\000\040\000Q\000N\000o\000d\000e\000<\000\040\000T\000\040\000>\000\040\000C\000l\000a\000s\000s\000\040\000T\000e\000m\000p\000l\000a\000t\000e\000\040\000R\000e\000f\000e\000r\000e\000n\000c\000e}{chapter.6}% 90
\BOOKMARK [2][-]{subsection.6.6.1}{\376\377\0006\000.\0006\000.\0001\000\040\000C\000o\000n\000s\000t\000r\000u\000c\000t\000o\000r\000\040\000\046\000\040\000D\000e\000s\000t\000r\000u\000c\000t\000o\000r\000\040\000D\000o\000c\000u\000m\000e\000n\000t\000a\000t\000i\000o\000n}{section.6.6}% 91
\BOOKMARK [3][-]{subsubsection.6.6.1.1}{\376\377\0006\000.\0006\000.\0001\000.\0001\000\040\000Q\000N\000o\000d\000e\000\050\000\051}{subsection.6.6.1}% 92
\BOOKMARK [2][-]{subsection.6.6.2}{\376\377\0006\000.\0006\000.\0002\000\040\000F\000r\000i\000e\000n\000d\000s\000\040\000A\000n\000d\000\040\000R\000e\000l\000a\000t\000e\000d\000\040\000S\000y\000m\000b\000o\000l\000\040\000D\000o\000c\000u\000m\000e\000n\000t\000a\000t\000i\000o\000n}{section.6.6}% 93
\BOOKMARK [3][-]{subsubsection.6.6.2.1}{\376\377\0006\000.\0006\000.\0002\000.\0001\000\040\000Q\000u\000e\000u\000e}{subsection.6.6.2}% 94
\BOOKMARK [2][-]{subsection.6.6.3}{\376\377\0006\000.\0006\000.\0003\000\040\000M\000e\000m\000b\000e\000r\000\040\000D\000a\000t\000a\000\040\000D\000o\000c\000u\000m\000e\000n\000t\000a\000t\000i\000o\000n}{section.6.6}% 95
\BOOKMARK [3][-]{subsubsection.6.6.3.1}{\376\377\0006\000.\0006\000.\0003\000.\0001\000\040\000n\000e\000x\000t}{subsection.6.6.3}% 96
\BOOKMARK [3][-]{subsubsection.6.6.3.2}{\376\377\0006\000.\0006\000.\0003\000.\0002\000\040\000v\000a\000l\000u\000e}{subsection.6.6.3}% 97
\BOOKMARK [1][-]{section.6.7}{\376\377\0006\000.\0007\000\040\000Q\000u\000e\000u\000e\000<\000\040\000T\000\040\000>\000\040\000C\000l\000a\000s\000s\000\040\000T\000e\000m\000p\000l\000a\000t\000e\000\040\000R\000e\000f\000e\000r\000e\000n\000c\000e}{chapter.6}% 98
\BOOKMARK [2][-]{subsection.6.7.1}{\376\377\0006\000.\0007\000.\0001\000\040\000C\000o\000n\000s\000t\000r\000u\000c\000t\000o\000r\000\040\000\046\000\040\000D\000e\000s\000t\000r\000u\000c\000t\000o\000r\000\040\000D\000o\000c\000u\000m\000e\000n\000t\000a\000t\000i\000o\000n}{section.6.7}% 99
\BOOKMARK [3][-]{subsubsection.6.7.1.1}{\376\377\0006\000.\0007\000.\0001\000.\0001\000\040\000~\000Q\000u\000e\000u\000e\000\050\000\051}{subsection.6.7.1}% 100
\BOOKMARK [2][-]{subsection.6.7.2}{\376\377\0006\000.\0007\000.\0002\000\040\000M\000e\000m\000b\000e\000r\000\040\000F\000u\000n\000c\000t\000i\000o\000n\000\040\000D\000o\000c\000u\000m\000e\000n\000t\000a\000t\000i\000o\000n}{section.6.7}% 101
\BOOKMARK [3][-]{subsubsection.6.7.2.1}{\376\377\0006\000.\0007\000.\0002\000.\0001\000\040\000f\000r\000o\000n\000t\000\050\000\051}{subsection.6.7.2}% 102
\BOOKMARK [3][-]{subsubsection.6.7.2.2}{\376\377\0006\000.\0007\000.\0002\000.\0002\000\040\000i\000s\000E\000m\000p\000t\000y\000\050\000\051}{subsection.6.7.2}% 103
\BOOKMARK [3][-]{subsubsection.6.7.2.3}{\376\377\0006\000.\0007\000.\0002\000.\0003\000\040\000p\000o\000p\000\050\000\051}{subsection.6.7.2}% 104
\BOOKMARK [3][-]{subsubsection.6.7.2.4}{\376\377\0006\000.\0007\000.\0002\000.\0004\000\040\000p\000u\000s\000h\000\050\000\051}{subsection.6.7.2}% 105
\BOOKMARK [3][-]{subsubsection.6.7.2.5}{\376\377\0006\000.\0007\000.\0002\000.\0005\000\040\000s\000i\000z\000e\000\050\000\051}{subsection.6.7.2}% 106
\BOOKMARK [2][-]{subsection.6.7.3}{\376\377\0006\000.\0007\000.\0003\000\040\000M\000e\000m\000b\000e\000r\000\040\000D\000a\000t\000a\000\040\000D\000o\000c\000u\000m\000e\000n\000t\000a\000t\000i\000o\000n}{section.6.7}% 107
\BOOKMARK [3][-]{subsubsection.6.7.3.1}{\376\377\0006\000.\0007\000.\0003\000.\0001\000\040\000h\000e\000a\000d}{subsection.6.7.3}% 108
\BOOKMARK [3][-]{subsubsection.6.7.3.2}{\376\377\0006\000.\0007\000.\0003\000.\0002\000\040\000n\000N\000o\000d\000e\000s}{subsection.6.7.3}% 109
\BOOKMARK [3][-]{subsubsection.6.7.3.3}{\376\377\0006\000.\0007\000.\0003\000.\0003\000\040\000t\000a\000i\000l}{subsection.6.7.3}% 110
\BOOKMARK [1][-]{section.6.8}{\376\377\0006\000.\0008\000\040\000S\000c\000a\000p\000e\000G\000o\000a\000t\000T\000r\000e\000e\000<\000\040\000T\000\040\000>\000\040\000C\000l\000a\000s\000s\000\040\000T\000e\000m\000p\000l\000a\000t\000e\000\040\000R\000e\000f\000e\000r\000e\000n\000c\000e}{chapter.6}% 111
\BOOKMARK [2][-]{subsection.6.8.1}{\376\377\0006\000.\0008\000.\0001\000\040\000M\000e\000m\000b\000e\000r\000\040\000T\000y\000p\000e\000d\000e\000f\000\040\000D\000o\000c\000u\000m\000e\000n\000t\000a\000t\000i\000o\000n}{section.6.8}% 112
\BOOKMARK [3][-]{subsubsection.6.8.1.1}{\376\377\0006\000.\0008\000.\0001\000.\0001\000\040\000T\000r\000e\000e\000N\000o\000d\000e}{subsection.6.8.1}% 113
\BOOKMARK [2][-]{subsection.6.8.2}{\376\377\0006\000.\0008\000.\0002\000\040\000C\000o\000n\000s\000t\000r\000u\000c\000t\000o\000r\000\040\000\046\000\040\000D\000e\000s\000t\000r\000u\000c\000t\000o\000r\000\040\000D\000o\000c\000u\000m\000e\000n\000t\000a\000t\000i\000o\000n}{section.6.8}% 114
\BOOKMARK [3][-]{subsubsection.6.8.2.1}{\376\377\0006\000.\0008\000.\0002\000.\0001\000\040\000S\000c\000a\000p\000e\000G\000o\000a\000t\000T\000r\000e\000e\000\050\000\051\000\040\000[\0001\000/\0003\000]}{subsection.6.8.2}% 115
\BOOKMARK [3][-]{subsubsection.6.8.2.2}{\376\377\0006\000.\0008\000.\0002\000.\0002\000\040\000S\000c\000a\000p\000e\000G\000o\000a\000t\000T\000r\000e\000e\000\050\000\051\000\040\000[\0002\000/\0003\000]}{subsection.6.8.2}% 116
\BOOKMARK [3][-]{subsubsection.6.8.2.3}{\376\377\0006\000.\0008\000.\0002\000.\0003\000\040\000S\000c\000a\000p\000e\000G\000o\000a\000t\000T\000r\000e\000e\000\050\000\051\000\040\000[\0003\000/\0003\000]}{subsection.6.8.2}% 117
\BOOKMARK [3][-]{subsubsection.6.8.2.4}{\376\377\0006\000.\0008\000.\0002\000.\0004\000\040\000~\000S\000c\000a\000p\000e\000G\000o\000a\000t\000T\000r\000e\000e\000\050\000\051}{subsection.6.8.2}% 118
\BOOKMARK [2][-]{subsection.6.8.3}{\376\377\0006\000.\0008\000.\0003\000\040\000M\000e\000m\000b\000e\000r\000\040\000F\000u\000n\000c\000t\000i\000o\000n\000\040\000D\000o\000c\000u\000m\000e\000n\000t\000a\000t\000i\000o\000n}{section.6.8}% 119
\BOOKMARK [3][-]{subsubsection.6.8.3.1}{\376\377\0006\000.\0008\000.\0003\000.\0001\000\040\000a\000r\000e\000T\000r\000e\000e\000s\000E\000q\000u\000a\000l\000\050\000\051}{subsection.6.8.3}% 120
\BOOKMARK [3][-]{subsubsection.6.8.3.2}{\376\377\0006\000.\0008\000.\0003\000.\0002\000\040\000b\000e\000g\000i\000n\000\050\000\051}{subsection.6.8.3}% 121
\BOOKMARK [3][-]{subsubsection.6.8.3.3}{\376\377\0006\000.\0008\000.\0003\000.\0003\000\040\000c\000l\000e\000a\000r\000\050\000\051}{subsection.6.8.3}% 122
\BOOKMARK [3][-]{subsubsection.6.8.3.4}{\376\377\0006\000.\0008\000.\0003\000.\0004\000\040\000c\000o\000u\000n\000t\000N\000\050\000\051}{subsection.6.8.3}% 123
\BOOKMARK [3][-]{subsubsection.6.8.3.5}{\376\377\0006\000.\0008\000.\0003\000.\0005\000\040\000d\000e\000l\000e\000t\000e\000B\000a\000t\000c\000h\000\050\000\051}{subsection.6.8.3}% 124
\BOOKMARK [3][-]{subsubsection.6.8.3.6}{\376\377\0006\000.\0008\000.\0003\000.\0006\000\040\000d\000e\000l\000e\000t\000e\000V\000a\000l\000u\000e\000\050\000\051}{subsection.6.8.3}% 125
\BOOKMARK [3][-]{subsubsection.6.8.3.7}{\376\377\0006\000.\0008\000.\0003\000.\0007\000\040\000D\000e\000l\000e\000t\000i\000o\000n\000R\000e\000b\000u\000i\000l\000d\000\050\000\051}{subsection.6.8.3}% 126
\BOOKMARK [3][-]{subsubsection.6.8.3.8}{\376\377\0006\000.\0008\000.\0003\000.\0008\000\040\000d\000i\000s\000p\000l\000a\000y\000I\000n\000O\000r\000d\000e\000r\000\050\000\051\000\040\000[\0001\000/\0002\000]}{subsection.6.8.3}% 127
\BOOKMARK [3][-]{subsubsection.6.8.3.9}{\376\377\0006\000.\0008\000.\0003\000.\0009\000\040\000d\000i\000s\000p\000l\000a\000y\000I\000n\000O\000r\000d\000e\000r\000\050\000\051\000\040\000[\0002\000/\0002\000]}{subsection.6.8.3}% 128
\BOOKMARK [3][-]{subsubsection.6.8.3.10}{\376\377\0006\000.\0008\000.\0003\000.\0001\0000\000\040\000d\000i\000s\000p\000l\000a\000y\000L\000e\000v\000e\000l\000s\000\050\000\051}{subsection.6.8.3}% 129
\BOOKMARK [3][-]{subsubsection.6.8.3.11}{\376\377\0006\000.\0008\000.\0003\000.\0001\0001\000\040\000d\000i\000s\000p\000l\000a\000y\000P\000o\000s\000t\000O\000r\000d\000e\000r\000\050\000\051\000\040\000[\0001\000/\0002\000]}{subsection.6.8.3}% 130
\BOOKMARK [3][-]{subsubsection.6.8.3.12}{\376\377\0006\000.\0008\000.\0003\000.\0001\0002\000\040\000d\000i\000s\000p\000l\000a\000y\000P\000o\000s\000t\000O\000r\000d\000e\000r\000\050\000\051\000\040\000[\0002\000/\0002\000]}{subsection.6.8.3}% 131
\BOOKMARK [3][-]{subsubsection.6.8.3.13}{\376\377\0006\000.\0008\000.\0003\000.\0001\0003\000\040\000d\000i\000s\000p\000l\000a\000y\000P\000r\000e\000O\000r\000d\000e\000r\000\050\000\051\000\040\000[\0001\000/\0002\000]}{subsection.6.8.3}% 132
\BOOKMARK [3][-]{subsubsection.6.8.3.14}{\376\377\0006\000.\0008\000.\0003\000.\0001\0004\000\040\000d\000i\000s\000p\000l\000a\000y\000P\000r\000e\000O\000r\000d\000e\000r\000\050\000\051\000\040\000[\0002\000/\0002\000]}{subsection.6.8.3}% 133
\BOOKMARK [3][-]{subsubsection.6.8.3.15}{\376\377\0006\000.\0008\000.\0003\000.\0001\0005\000\040\000e\000n\000d\000\050\000\051}{subsection.6.8.3}% 134
\BOOKMARK [3][-]{subsubsection.6.8.3.16}{\376\377\0006\000.\0008\000.\0003\000.\0001\0006\000\040\000f\000i\000n\000d\000H\000\050\000\051}{subsection.6.8.3}% 135
\BOOKMARK [3][-]{subsubsection.6.8.3.17}{\376\377\0006\000.\0008\000.\0003\000.\0001\0007\000\040\000f\000i\000n\000d\000T\000r\000a\000i\000t\000o\000r\000\050\000\051}{subsection.6.8.3}% 136
\BOOKMARK [3][-]{subsubsection.6.8.3.18}{\376\377\0006\000.\0008\000.\0003\000.\0001\0008\000\040\000g\000e\000t\000M\000a\000x\000\050\000\051}{subsection.6.8.3}% 137
\BOOKMARK [3][-]{subsubsection.6.8.3.19}{\376\377\0006\000.\0008\000.\0003\000.\0001\0009\000\040\000g\000e\000t\000M\000i\000n\000\050\000\051}{subsection.6.8.3}% 138
\BOOKMARK [3][-]{subsubsection.6.8.3.20}{\376\377\0006\000.\0008\000.\0003\000.\0002\0000\000\040\000g\000e\000t\000R\000o\000o\000t\000\050\000\051}{subsection.6.8.3}% 139
\BOOKMARK [3][-]{subsubsection.6.8.3.21}{\376\377\0006\000.\0008\000.\0003\000.\0002\0001\000\040\000g\000e\000t\000S\000u\000c\000c\000e\000s\000s\000o\000r\000\050\000\051\000\040\000[\0001\000/\0002\000]}{subsection.6.8.3}% 140
\BOOKMARK [3][-]{subsubsection.6.8.3.22}{\376\377\0006\000.\0008\000.\0003\000.\0002\0002\000\040\000g\000e\000t\000S\000u\000c\000c\000e\000s\000s\000o\000r\000\050\000\051\000\040\000[\0002\000/\0002\000]}{subsection.6.8.3}% 141
\BOOKMARK [3][-]{subsubsection.6.8.3.23}{\376\377\0006\000.\0008\000.\0003\000.\0002\0003\000\040\000g\000e\000t\000T\000h\000r\000e\000s\000h\000o\000l\000d\000\050\000\051}{subsection.6.8.3}% 142
\BOOKMARK [3][-]{subsubsection.6.8.3.24}{\376\377\0006\000.\0008\000.\0003\000.\0002\0004\000\040\000i\000n\000o\000r\000d\000e\000r\000T\000r\000a\000v\000e\000r\000s\000a\000l\000\050\000\051}{subsection.6.8.3}% 143
\BOOKMARK [3][-]{subsubsection.6.8.3.25}{\376\377\0006\000.\0008\000.\0003\000.\0002\0005\000\040\000i\000n\000s\000e\000r\000t\000\050\000\051}{subsection.6.8.3}% 144
\BOOKMARK [3][-]{subsubsection.6.8.3.26}{\376\377\0006\000.\0008\000.\0003\000.\0002\0006\000\040\000i\000n\000s\000e\000r\000t\000B\000a\000t\000c\000h\000\050\000\051}{subsection.6.8.3}% 145
\BOOKMARK [3][-]{subsubsection.6.8.3.27}{\376\377\0006\000.\0008\000.\0003\000.\0002\0007\000\040\000i\000s\000B\000a\000l\000a\000n\000c\000e\000d\000\050\000\051}{subsection.6.8.3}% 146
\BOOKMARK [3][-]{subsubsection.6.8.3.28}{\376\377\0006\000.\0008\000.\0003\000.\0002\0008\000\040\000k\000t\000h\000S\000m\000a\000l\000l\000e\000s\000t\000\050\000\051}{subsection.6.8.3}% 147
\BOOKMARK [3][-]{subsubsection.6.8.3.29}{\376\377\0006\000.\0008\000.\0003\000.\0002\0009\000\040\000k\000t\000h\000S\000m\000a\000l\000l\000e\000s\000t\000H\000e\000l\000p\000e\000r\000\050\000\051}{subsection.6.8.3}% 148
\BOOKMARK [3][-]{subsubsection.6.8.3.30}{\376\377\0006\000.\0008\000.\0003\000.\0003\0000\000\040\000o\000p\000e\000r\000a\000t\000o\000r\000!\000\050\000\051}{subsection.6.8.3}% 149
\BOOKMARK [3][-]{subsubsection.6.8.3.31}{\376\377\0006\000.\0008\000.\0003\000.\0003\0001\000\040\000o\000p\000e\000r\000a\000t\000o\000r\000!\000=\000\050\000\051}{subsection.6.8.3}% 150
\BOOKMARK [3][-]{subsubsection.6.8.3.32}{\376\377\0006\000.\0008\000.\0003\000.\0003\0002\000\040\000o\000p\000e\000r\000a\000t\000o\000r\000+\000\050\000\051\000\040\000[\0001\000/\0002\000]}{subsection.6.8.3}% 151
\BOOKMARK [3][-]{subsubsection.6.8.3.33}{\376\377\0006\000.\0008\000.\0003\000.\0003\0003\000\040\000o\000p\000e\000r\000a\000t\000o\000r\000+\000\050\000\051\000\040\000[\0002\000/\0002\000]}{subsection.6.8.3}% 152
\BOOKMARK [3][-]{subsubsection.6.8.3.34}{\376\377\0006\000.\0008\000.\0003\000.\0003\0004\000\040\000o\000p\000e\000r\000a\000t\000o\000r\000+\000=\000\050\000\051}{subsection.6.8.3}% 153
\BOOKMARK [3][-]{subsubsection.6.8.3.35}{\376\377\0006\000.\0008\000.\0003\000.\0003\0005\000\040\000o\000p\000e\000r\000a\000t\000o\000r\000-\000\050\000\051}{subsection.6.8.3}% 154
\BOOKMARK [3][-]{subsubsection.6.8.3.36}{\376\377\0006\000.\0008\000.\0003\000.\0003\0006\000\040\000o\000p\000e\000r\000a\000t\000o\000r\000-\000=\000\050\000\051}{subsection.6.8.3}% 155
\BOOKMARK [3][-]{subsubsection.6.8.3.37}{\376\377\0006\000.\0008\000.\0003\000.\0003\0007\000\040\000o\000p\000e\000r\000a\000t\000o\000r\000=\000\050\000\051\000\040\000[\0001\000/\0003\000]}{subsection.6.8.3}% 156
\BOOKMARK [3][-]{subsubsection.6.8.3.38}{\376\377\0006\000.\0008\000.\0003\000.\0003\0008\000\040\000o\000p\000e\000r\000a\000t\000o\000r\000=\000\050\000\051\000\040\000[\0002\000/\0003\000]}{subsection.6.8.3}% 157
\BOOKMARK [3][-]{subsubsection.6.8.3.39}{\376\377\0006\000.\0008\000.\0003\000.\0003\0009\000\040\000o\000p\000e\000r\000a\000t\000o\000r\000=\000\050\000\051\000\040\000[\0003\000/\0003\000]}{subsection.6.8.3}% 158
\BOOKMARK [3][-]{subsubsection.6.8.3.40}{\376\377\0006\000.\0008\000.\0003\000.\0004\0000\000\040\000o\000p\000e\000r\000a\000t\000o\000r\000=\000=\000\050\000\051}{subsection.6.8.3}% 159
\BOOKMARK [3][-]{subsubsection.6.8.3.41}{\376\377\0006\000.\0008\000.\0003\000.\0004\0001\000\040\000o\000p\000e\000r\000a\000t\000o\000r\000[\000]\000\050\000\051}{subsection.6.8.3}% 160
\BOOKMARK [3][-]{subsubsection.6.8.3.42}{\376\377\0006\000.\0008\000.\0003\000.\0004\0002\000\040\000p\000o\000s\000t\000o\000r\000d\000e\000r\000T\000r\000a\000v\000e\000r\000s\000a\000l\000\050\000\051}{subsection.6.8.3}% 161
\BOOKMARK [3][-]{subsubsection.6.8.3.43}{\376\377\0006\000.\0008\000.\0003\000.\0004\0003\000\040\000p\000r\000e\000o\000r\000d\000e\000r\000T\000r\000a\000v\000e\000r\000s\000a\000l\000\050\000\051}{subsection.6.8.3}% 162
\BOOKMARK [3][-]{subsubsection.6.8.3.44}{\376\377\0006\000.\0008\000.\0003\000.\0004\0004\000\040\000r\000a\000n\000g\000e\000H\000e\000l\000p\000e\000r\000\050\000\051}{subsection.6.8.3}% 163
\BOOKMARK [3][-]{subsubsection.6.8.3.45}{\376\377\0006\000.\0008\000.\0003\000.\0004\0005\000\040\000r\000e\000b\000u\000i\000l\000d\000T\000r\000e\000e\000\050\000\051}{subsection.6.8.3}% 164
\BOOKMARK [3][-]{subsubsection.6.8.3.46}{\376\377\0006\000.\0008\000.\0003\000.\0004\0006\000\040\000r\000e\000d\000o\000\050\000\051}{subsection.6.8.3}% 165
\BOOKMARK [3][-]{subsubsection.6.8.3.47}{\376\377\0006\000.\0008\000.\0003\000.\0004\0007\000\040\000r\000e\000s\000t\000r\000u\000c\000t\000u\000r\000e\000\137\000s\000u\000b\000t\000r\000e\000e\000\050\000\051}{subsection.6.8.3}% 166
\BOOKMARK [3][-]{subsubsection.6.8.3.48}{\376\377\0006\000.\0008\000.\0003\000.\0004\0008\000\040\000s\000e\000a\000r\000c\000h\000\050\000\051}{subsection.6.8.3}% 167
\BOOKMARK [3][-]{subsubsection.6.8.3.49}{\376\377\0006\000.\0008\000.\0003\000.\0004\0009\000\040\000s\000u\000m\000H\000e\000l\000p\000e\000r\000\050\000\051}{subsection.6.8.3}% 168
\BOOKMARK [3][-]{subsubsection.6.8.3.50}{\376\377\0006\000.\0008\000.\0003\000.\0005\0000\000\040\000s\000u\000m\000I\000n\000R\000a\000n\000g\000e\000\050\000\051}{subsection.6.8.3}% 169
\BOOKMARK [3][-]{subsubsection.6.8.3.51}{\376\377\0006\000.\0008\000.\0003\000.\0005\0001\000\040\000u\000n\000d\000o\000\050\000\051}{subsection.6.8.3}% 170
\BOOKMARK [3][-]{subsubsection.6.8.3.52}{\376\377\0006\000.\0008\000.\0003\000.\0005\0002\000\040\000v\000a\000l\000u\000e\000s\000I\000n\000R\000a\000n\000g\000e\000\050\000\051}{subsection.6.8.3}% 171
\BOOKMARK [2][-]{subsection.6.8.4}{\376\377\0006\000.\0008\000.\0004\000\040\000M\000e\000m\000b\000e\000r\000\040\000D\000a\000t\000a\000\040\000D\000o\000c\000u\000m\000e\000n\000t\000a\000t\000i\000o\000n}{section.6.8}% 172
\BOOKMARK [3][-]{subsubsection.6.8.4.1}{\376\377\0006\000.\0008\000.\0004\000.\0001\000\040\000i\000s\000U\000n\000d\000o\000i\000n\000g}{subsection.6.8.4}% 173
\BOOKMARK [3][-]{subsubsection.6.8.4.2}{\376\377\0006\000.\0008\000.\0004\000.\0002\000\040\000m\000a\000x\000\137\000n\000o\000d\000e\000s}{subsection.6.8.4}% 174
\BOOKMARK [3][-]{subsubsection.6.8.4.3}{\376\377\0006\000.\0008\000.\0004\000.\0003\000\040\000n\000N\000o\000d\000e\000s}{subsection.6.8.4}% 175
\BOOKMARK [3][-]{subsubsection.6.8.4.4}{\376\377\0006\000.\0008\000.\0004\000.\0004\000\040\000r\000e\000b\000u\000i\000l\000d\000C\000o\000u\000n\000t}{subsection.6.8.4}% 176
\BOOKMARK [3][-]{subsubsection.6.8.4.5}{\376\377\0006\000.\0008\000.\0004\000.\0005\000\040\000r\000e\000d\000o\000S\000t\000a\000c\000k}{subsection.6.8.4}% 177
\BOOKMARK [3][-]{subsubsection.6.8.4.6}{\376\377\0006\000.\0008\000.\0004\000.\0006\000\040\000r\000o\000o\000t}{subsection.6.8.4}% 178
\BOOKMARK [3][-]{subsubsection.6.8.4.7}{\376\377\0006\000.\0008\000.\0004\000.\0007\000\040\000u\000n\000d\000o\000S\000t\000a\000c\000k}{subsection.6.8.4}% 179
\BOOKMARK [1][-]{section.6.9}{\376\377\0006\000.\0009\000\040\000S\000t\000a\000c\000k\000<\000\040\000T\000\040\000>\000\040\000C\000l\000a\000s\000s\000\040\000T\000e\000m\000p\000l\000a\000t\000e\000\040\000R\000e\000f\000e\000r\000e\000n\000c\000e}{chapter.6}% 180
\BOOKMARK [2][-]{subsection.6.9.1}{\376\377\0006\000.\0009\000.\0001\000\040\000M\000e\000m\000b\000e\000r\000\040\000F\000u\000n\000c\000t\000i\000o\000n\000\040\000D\000o\000c\000u\000m\000e\000n\000t\000a\000t\000i\000o\000n}{section.6.9}% 181
\BOOKMARK [3][-]{subsubsection.6.9.1.1}{\376\377\0006\000.\0009\000.\0001\000.\0001\000\040\000i\000s\000E\000m\000p\000t\000y\000\050\000\051}{subsection.6.9.1}% 182
\BOOKMARK [3][-]{subsubsection.6.9.1.2}{\376\377\0006\000.\0009\000.\0001\000.\0002\000\040\000p\000o\000p\000\050\000\051}{subsection.6.9.1}% 183
\BOOKMARK [3][-]{subsubsection.6.9.1.3}{\376\377\0006\000.\0009\000.\0001\000.\0003\000\040\000p\000u\000s\000h\000\050\000\051}{subsection.6.9.1}% 184
\BOOKMARK [3][-]{subsubsection.6.9.1.4}{\376\377\0006\000.\0009\000.\0001\000.\0004\000\040\000s\000i\000z\000e\000\050\000\051}{subsection.6.9.1}% 185
\BOOKMARK [3][-]{subsubsection.6.9.1.5}{\376\377\0006\000.\0009\000.\0001\000.\0005\000\040\000t\000o\000p\000\050\000\051}{subsection.6.9.1}% 186
\BOOKMARK [2][-]{subsection.6.9.2}{\376\377\0006\000.\0009\000.\0002\000\040\000M\000e\000m\000b\000e\000r\000\040\000D\000a\000t\000a\000\040\000D\000o\000c\000u\000m\000e\000n\000t\000a\000t\000i\000o\000n}{section.6.9}% 187
\BOOKMARK [3][-]{subsubsection.6.9.2.1}{\376\377\0006\000.\0009\000.\0002\000.\0001\000\040\000d\000a\000t\000a}{subsection.6.9.2}% 188
\BOOKMARK [1][-]{section.6.10}{\376\377\0006\000.\0001\0000\000\040\000V\000e\000c\000t\000o\000r\000<\000\040\000T\000\040\000>\000\040\000C\000l\000a\000s\000s\000\040\000T\000e\000m\000p\000l\000a\000t\000e\000\040\000R\000e\000f\000e\000r\000e\000n\000c\000e}{chapter.6}% 189
\BOOKMARK [2][-]{subsection.6.10.1}{\376\377\0006\000.\0001\0000\000.\0001\000\040\000C\000o\000n\000s\000t\000r\000u\000c\000t\000o\000r\000\040\000\046\000\040\000D\000e\000s\000t\000r\000u\000c\000t\000o\000r\000\040\000D\000o\000c\000u\000m\000e\000n\000t\000a\000t\000i\000o\000n}{section.6.10}% 190
\BOOKMARK [3][-]{subsubsection.6.10.1.1}{\376\377\0006\000.\0001\0000\000.\0001\000.\0001\000\040\000~\000V\000e\000c\000t\000o\000r\000\050\000\051}{subsection.6.10.1}% 191
\BOOKMARK [3][-]{subsubsection.6.10.1.2}{\376\377\0006\000.\0001\0000\000.\0001\000.\0002\000\040\000V\000e\000c\000t\000o\000r\000\050\000\051\000\040\000[\0001\000/\0003\000]}{subsection.6.10.1}% 192
\BOOKMARK [3][-]{subsubsection.6.10.1.3}{\376\377\0006\000.\0001\0000\000.\0001\000.\0003\000\040\000V\000e\000c\000t\000o\000r\000\050\000\051\000\040\000[\0002\000/\0003\000]}{subsection.6.10.1}% 193
\BOOKMARK [3][-]{subsubsection.6.10.1.4}{\376\377\0006\000.\0001\0000\000.\0001\000.\0004\000\040\000V\000e\000c\000t\000o\000r\000\050\000\051\000\040\000[\0003\000/\0003\000]}{subsection.6.10.1}% 194
\BOOKMARK [2][-]{subsection.6.10.2}{\376\377\0006\000.\0001\0000\000.\0002\000\040\000M\000e\000m\000b\000e\000r\000\040\000F\000u\000n\000c\000t\000i\000o\000n\000\040\000D\000o\000c\000u\000m\000e\000n\000t\000a\000t\000i\000o\000n}{section.6.10}% 195
\BOOKMARK [3][-]{subsubsection.6.10.2.1}{\376\377\0006\000.\0001\0000\000.\0002\000.\0001\000\040\000b\000e\000g\000i\000n\000\050\000\051}{subsection.6.10.2}% 196
\BOOKMARK [3][-]{subsubsection.6.10.2.2}{\376\377\0006\000.\0001\0000\000.\0002\000.\0002\000\040\000e\000n\000d\000\050\000\051}{subsection.6.10.2}% 197
\BOOKMARK [3][-]{subsubsection.6.10.2.3}{\376\377\0006\000.\0001\0000\000.\0002\000.\0003\000\040\000o\000p\000e\000r\000a\000t\000o\000r\000=\000\050\000\051\000\040\000[\0001\000/\0002\000]}{subsection.6.10.2}% 198
\BOOKMARK [3][-]{subsubsection.6.10.2.4}{\376\377\0006\000.\0001\0000\000.\0002\000.\0004\000\040\000o\000p\000e\000r\000a\000t\000o\000r\000=\000\050\000\051\000\040\000[\0002\000/\0002\000]}{subsection.6.10.2}% 199
\BOOKMARK [3][-]{subsubsection.6.10.2.5}{\376\377\0006\000.\0001\0000\000.\0002\000.\0005\000\040\000o\000p\000e\000r\000a\000t\000o\000r\000[\000]\000\050\000\051\000\040\000[\0001\000/\0002\000]}{subsection.6.10.2}% 200
\BOOKMARK [3][-]{subsubsection.6.10.2.6}{\376\377\0006\000.\0001\0000\000.\0002\000.\0006\000\040\000o\000p\000e\000r\000a\000t\000o\000r\000[\000]\000\050\000\051\000\040\000[\0002\000/\0002\000]}{subsection.6.10.2}% 201
\BOOKMARK [3][-]{subsubsection.6.10.2.7}{\376\377\0006\000.\0001\0000\000.\0002\000.\0007\000\040\000p\000o\000p\000\137\000b\000a\000c\000k\000\050\000\051}{subsection.6.10.2}% 202
\BOOKMARK [3][-]{subsubsection.6.10.2.8}{\376\377\0006\000.\0001\0000\000.\0002\000.\0008\000\040\000p\000u\000s\000h\000\137\000b\000a\000c\000k\000\050\000\051}{subsection.6.10.2}% 203
\BOOKMARK [3][-]{subsubsection.6.10.2.9}{\376\377\0006\000.\0001\0000\000.\0002\000.\0009\000\040\000s\000i\000z\000e\000\050\000\051}{subsection.6.10.2}% 204
\BOOKMARK [2][-]{subsection.6.10.3}{\376\377\0006\000.\0001\0000\000.\0003\000\040\000F\000r\000i\000e\000n\000d\000s\000\040\000A\000n\000d\000\040\000R\000e\000l\000a\000t\000e\000d\000\040\000S\000y\000m\000b\000o\000l\000\040\000D\000o\000c\000u\000m\000e\000n\000t\000a\000t\000i\000o\000n}{section.6.10}% 205
\BOOKMARK [3][-]{subsubsection.6.10.3.1}{\376\377\0006\000.\0001\0000\000.\0003\000.\0001\000\040\000S\000c\000a\000p\000e\000G\000o\000a\000t\000T\000r\000e\000e}{subsection.6.10.3}% 206
\BOOKMARK [3][-]{subsubsection.6.10.3.2}{\376\377\0006\000.\0001\0000\000.\0003\000.\0002\000\040\000S\000t\000a\000c\000k}{subsection.6.10.3}% 207
\BOOKMARK [2][-]{subsection.6.10.4}{\376\377\0006\000.\0001\0000\000.\0004\000\040\000M\000e\000m\000b\000e\000r\000\040\000D\000a\000t\000a\000\040\000D\000o\000c\000u\000m\000e\000n\000t\000a\000t\000i\000o\000n}{section.6.10}% 208
\BOOKMARK [3][-]{subsubsection.6.10.4.1}{\376\377\0006\000.\0001\0000\000.\0004\000.\0001\000\040\000\137\000s\000i\000z\000e}{subsection.6.10.4}% 209
\BOOKMARK [3][-]{subsubsection.6.10.4.2}{\376\377\0006\000.\0001\0000\000.\0004\000.\0002\000\040\000d\000a\000t\000a}{subsection.6.10.4}% 210
\BOOKMARK [3][-]{subsubsection.6.10.4.3}{\376\377\0006\000.\0001\0000\000.\0004\000.\0003\000\040\000n\000E\000l\000e\000m\000e\000n\000t\000s}{subsection.6.10.4}% 211
\BOOKMARK [0][-]{chapter.7}{\376\377\0007\000\040\000F\000i\000l\000e\000\040\000D\000o\000c\000u\000m\000e\000n\000t\000a\000t\000i\000o\000n}{}% 212
\BOOKMARK [1][-]{section.7.1}{\376\377\0007\000.\0001\000\040\000C\000P\000P\000/\000b\000e\000n\000c\000h\000m\000a\000r\000k\000.\000c\000p\000p\000\040\000F\000i\000l\000e\000\040\000R\000e\000f\000e\000r\000e\000n\000c\000e}{chapter.7}% 213
\BOOKMARK [2][-]{subsection.7.1.1}{\376\377\0007\000.\0001\000.\0001\000\040\000F\000u\000n\000c\000t\000i\000o\000n\000\040\000D\000o\000c\000u\000m\000e\000n\000t\000a\000t\000i\000o\000n}{section.7.1}% 214
\BOOKMARK [3][-]{subsubsection.7.1.1.1}{\376\377\0007\000.\0001\000.\0001\000.\0001\000\040\000b\000e\000n\000c\000h\000m\000a\000r\000k\000\137\000s\000e\000q\000u\000e\000n\000t\000i\000a\000l\000\137\000o\000p\000s\000\050\000\051}{subsection.7.1.1}% 215
\BOOKMARK [3][-]{subsubsection.7.1.1.2}{\376\377\0007\000.\0001\000.\0001\000.\0002\000\040\000m\000a\000i\000n\000\050\000\051}{subsection.7.1.1}% 216
\BOOKMARK [1][-]{section.7.2}{\376\377\0007\000.\0002\000\040\000C\000P\000P\000/\000b\000i\000n\000d\000i\000n\000g\000s\000.\000c\000p\000p\000\040\000F\000i\000l\000e\000\040\000R\000e\000f\000e\000r\000e\000n\000c\000e}{chapter.7}% 217
\BOOKMARK [2][-]{subsection.7.2.1}{\376\377\0007\000.\0002\000.\0001\000\040\000T\000y\000p\000e\000d\000e\000f\000\040\000D\000o\000c\000u\000m\000e\000n\000t\000a\000t\000i\000o\000n}{section.7.2}% 218
\BOOKMARK [3][-]{subsubsection.7.2.1.1}{\376\377\0007\000.\0002\000.\0001\000.\0001\000\040\000T\000y\000p\000e}{subsection.7.2.1}% 219
\BOOKMARK [2][-]{subsection.7.2.2}{\376\377\0007\000.\0002\000.\0002\000\040\000F\000u\000n\000c\000t\000i\000o\000n\000\040\000D\000o\000c\000u\000m\000e\000n\000t\000a\000t\000i\000o\000n}{section.7.2}% 220
\BOOKMARK [3][-]{subsubsection.7.2.2.1}{\376\377\0007\000.\0002\000.\0002\000.\0001\000\040\000P\000Y\000B\000I\000N\000D\0001\0001\000\137\000M\000O\000D\000U\000L\000E\000\050\000\051}{subsection.7.2.2}% 221
\BOOKMARK [1][-]{section.7.3}{\376\377\0007\000.\0003\000\040\000C\000P\000P\000/\000i\000T\000r\000e\000e\000.\000c\000p\000p\000\040\000F\000i\000l\000e\000\040\000R\000e\000f\000e\000r\000e\000n\000c\000e}{chapter.7}% 222
\BOOKMARK [2][-]{subsection.7.3.1}{\376\377\0007\000.\0003\000.\0001\000\040\000T\000y\000p\000e\000d\000e\000f\000\040\000D\000o\000c\000u\000m\000e\000n\000t\000a\000t\000i\000o\000n}{section.7.3}% 223
\BOOKMARK [3][-]{subsubsection.7.3.1.1}{\376\377\0007\000.\0003\000.\0001\000.\0001\000\040\000L\000o\000n\000g}{subsection.7.3.1}% 224
\BOOKMARK [3][-]{subsubsection.7.3.1.2}{\376\377\0007\000.\0003\000.\0001\000.\0002\000\040\000M\000e\000n\000u\000H\000a\000n\000d\000l\000e\000r}{subsection.7.3.1}% 225
\BOOKMARK [2][-]{subsection.7.3.2}{\376\377\0007\000.\0003\000.\0002\000\040\000F\000u\000n\000c\000t\000i\000o\000n\000\040\000D\000o\000c\000u\000m\000e\000n\000t\000a\000t\000i\000o\000n}{section.7.3}% 226
\BOOKMARK [3][-]{subsubsection.7.3.2.1}{\376\377\0007\000.\0003\000.\0002\000.\0001\000\040\000p\000r\000i\000n\000t\000E\000r\000r\000o\000r\000\050\000\051}{subsection.7.3.2}% 227
\BOOKMARK [3][-]{subsubsection.7.3.2.2}{\376\377\0007\000.\0003\000.\0002\000.\0002\000\040\000p\000r\000i\000n\000t\000H\000e\000a\000d\000e\000r\000\050\000\051}{subsection.7.3.2}% 228
\BOOKMARK [3][-]{subsubsection.7.3.2.3}{\376\377\0007\000.\0003\000.\0002\000.\0003\000\040\000p\000r\000i\000n\000t\000I\000n\000f\000o\000\050\000\051}{subsection.7.3.2}% 229
\BOOKMARK [3][-]{subsubsection.7.3.2.4}{\376\377\0007\000.\0003\000.\0002\000.\0004\000\040\000p\000r\000i\000n\000t\000S\000u\000c\000c\000e\000s\000s\000\050\000\051}{subsection.7.3.2}% 230
\BOOKMARK [3][-]{subsubsection.7.3.2.5}{\376\377\0007\000.\0003\000.\0002\000.\0005\000\040\000v\000a\000l\000i\000d\000a\000t\000e\000C\000i\000n\000L\000i\000n\000e\000\050\000\051}{subsection.7.3.2}% 231
\BOOKMARK [2][-]{subsection.7.3.3}{\376\377\0007\000.\0003\000.\0003\000\040\000V\000a\000r\000i\000a\000b\000l\000e\000\040\000D\000o\000c\000u\000m\000e\000n\000t\000a\000t\000i\000o\000n}{section.7.3}% 232
\BOOKMARK [3][-]{subsubsection.7.3.3.1}{\376\377\0007\000.\0003\000.\0003\000.\0001\000\040\000C\000Y\000A\000N}{subsection.7.3.3}% 233
\BOOKMARK [3][-]{subsubsection.7.3.3.2}{\376\377\0007\000.\0003\000.\0003\000.\0002\000\040\000G\000R\000E\000E\000N}{subsection.7.3.3}% 234
\BOOKMARK [3][-]{subsubsection.7.3.3.3}{\376\377\0007\000.\0003\000.\0003\000.\0003\000\040\000R\000E\000D}{subsection.7.3.3}% 235
\BOOKMARK [3][-]{subsubsection.7.3.3.4}{\376\377\0007\000.\0003\000.\0003\000.\0004\000\040\000R\000E\000S\000E\000T}{subsection.7.3.3}% 236
\BOOKMARK [3][-]{subsubsection.7.3.3.5}{\376\377\0007\000.\0003\000.\0003\000.\0005\000\040\000W\000H\000I\000T\000E}{subsection.7.3.3}% 237
\BOOKMARK [1][-]{section.7.4}{\376\377\0007\000.\0004\000\040\000C\000P\000P\000/\000i\000T\000r\000e\000e\000.\000h\000p\000p\000\040\000F\000i\000l\000e\000\040\000R\000e\000f\000e\000r\000e\000n\000c\000e}{chapter.7}% 238
\BOOKMARK [2][-]{subsection.7.4.1}{\376\377\0007\000.\0004\000.\0001\000\040\000T\000y\000p\000e\000d\000e\000f\000\040\000D\000o\000c\000u\000m\000e\000n\000t\000a\000t\000i\000o\000n}{section.7.4}% 239
\BOOKMARK [3][-]{subsubsection.7.4.1.1}{\376\377\0007\000.\0004\000.\0001\000.\0001\000\040\000E\000l\000e\000m\000e\000n\000T\000y\000p\000e}{subsection.7.4.1}% 240
\BOOKMARK [2][-]{subsection.7.4.2}{\376\377\0007\000.\0004\000.\0002\000\040\000E\000n\000u\000m\000e\000r\000a\000t\000i\000o\000n\000\040\000T\000y\000p\000e\000\040\000D\000o\000c\000u\000m\000e\000n\000t\000a\000t\000i\000o\000n}{section.7.4}% 241
\BOOKMARK [3][-]{subsubsection.7.4.2.1}{\376\377\0007\000.\0004\000.\0002\000.\0001\000\040\000o\000p\000c\000o\000d\000e\000s}{subsection.7.4.2}% 242
\BOOKMARK [1][-]{section.7.5}{\376\377\0007\000.\0005\000\040\000i\000T\000r\000e\000e\000.\000h\000p\000p}{chapter.7}% 243
\BOOKMARK [1][-]{section.7.6}{\376\377\0007\000.\0006\000\040\000C\000P\000P\000/\000N\000o\000d\000e\000.\000h\000p\000p\000\040\000F\000i\000l\000e\000\040\000R\000e\000f\000e\000r\000e\000n\000c\000e}{chapter.7}% 244
\BOOKMARK [1][-]{section.7.7}{\376\377\0007\000.\0007\000\040\000N\000o\000d\000e\000.\000h\000p\000p}{chapter.7}% 245
\BOOKMARK [1][-]{section.7.8}{\376\377\0007\000.\0008\000\040\000C\000P\000P\000/\000q\000u\000e\000u\000e\000.\000h\000p\000p\000\040\000F\000i\000l\000e\000\040\000R\000e\000f\000e\000r\000e\000n\000c\000e}{chapter.7}% 246
\BOOKMARK [1][-]{section.7.9}{\376\377\0007\000.\0009\000\040\000q\000u\000e\000u\000e\000.\000h\000p\000p}{chapter.7}% 247
\BOOKMARK [1][-]{section.7.10}{\376\377\0007\000.\0001\0000\000\040\000C\000P\000P\000/\000R\000u\000n\000T\000U\000I\000.\000c\000p\000p\000\040\000F\000i\000l\000e\000\040\000R\000e\000f\000e\000r\000e\000n\000c\000e}{chapter.7}% 248
\BOOKMARK [2][-]{subsection.7.10.1}{\376\377\0007\000.\0001\0000\000.\0001\000\040\000F\000u\000n\000c\000t\000i\000o\000n\000\040\000D\000o\000c\000u\000m\000e\000n\000t\000a\000t\000i\000o\000n}{section.7.10}% 249
\BOOKMARK [3][-]{subsubsection.7.10.1.1}{\376\377\0007\000.\0001\0000\000.\0001\000.\0001\000\040\000m\000a\000i\000n\000\050\000\051}{subsection.7.10.1}% 250
\BOOKMARK [1][-]{section.7.11}{\376\377\0007\000.\0001\0001\000\040\000C\000P\000P\000/\000S\000c\000a\000p\000e\000G\000o\000a\000t\000T\000r\000e\000e\000.\000h\000p\000p\000\040\000F\000i\000l\000e\000\040\000R\000e\000f\000e\000r\000e\000n\000c\000e}{chapter.7}% 251
\BOOKMARK [2][-]{subsection.7.11.1}{\376\377\0007\000.\0001\0001\000.\0001\000\040\000E\000n\000u\000m\000e\000r\000a\000t\000i\000o\000n\000\040\000T\000y\000p\000e\000\040\000D\000o\000c\000u\000m\000e\000n\000t\000a\000t\000i\000o\000n}{section.7.11}% 252
\BOOKMARK [3][-]{subsubsection.7.11.1.1}{\376\377\0007\000.\0001\0001\000.\0001\000.\0001\000\040\000O\000p\000T\000y\000p\000e}{subsection.7.11.1}% 253
\BOOKMARK [1][-]{section.7.12}{\376\377\0007\000.\0001\0002\000\040\000S\000c\000a\000p\000e\000G\000o\000a\000t\000T\000r\000e\000e\000.\000h\000p\000p}{chapter.7}% 254
\BOOKMARK [1][-]{section.7.13}{\376\377\0007\000.\0001\0003\000\040\000C\000P\000P\000/\000s\000t\000a\000c\000k\000.\000h\000p\000p\000\040\000F\000i\000l\000e\000\040\000R\000e\000f\000e\000r\000e\000n\000c\000e}{chapter.7}% 255
\BOOKMARK [1][-]{section.7.14}{\376\377\0007\000.\0001\0004\000\040\000s\000t\000a\000c\000k\000.\000h\000p\000p}{chapter.7}% 256
\BOOKMARK [1][-]{section.7.15}{\376\377\0007\000.\0001\0005\000\040\000C\000P\000P\000/\000t\000e\000s\000t\000s\000.\000c\000p\000p\000\040\000F\000i\000l\000e\000\040\000R\000e\000f\000e\000r\000e\000n\000c\000e}{chapter.7}% 257
\BOOKMARK [2][-]{subsection.7.15.1}{\376\377\0007\000.\0001\0005\000.\0001\000\040\000T\000y\000p\000e\000d\000e\000f\000\040\000D\000o\000c\000u\000m\000e\000n\000t\000a\000t\000i\000o\000n}{section.7.15}% 258
\BOOKMARK [3][-]{subsubsection.7.15.1.1}{\376\377\0007\000.\0001\0005\000.\0001\000.\0001\000\040\000T\000y\000p\000e}{subsection.7.15.1}% 259
\BOOKMARK [2][-]{subsection.7.15.2}{\376\377\0007\000.\0001\0005\000.\0002\000\040\000F\000u\000n\000c\000t\000i\000o\000n\000\040\000D\000o\000c\000u\000m\000e\000n\000t\000a\000t\000i\000o\000n}{section.7.15}% 260
\BOOKMARK [3][-]{subsubsection.7.15.2.1}{\376\377\0007\000.\0001\0005\000.\0002\000.\0001\000\040\000c\000o\000n\000t\000a\000i\000n\000s\000A\000l\000l\000\050\000\051}{subsection.7.15.2}% 261
\BOOKMARK [3][-]{subsubsection.7.15.2.2}{\376\377\0007\000.\0001\0005\000.\0002\000.\0002\000\040\000m\000a\000i\000n\000\050\000\051}{subsection.7.15.2}% 262
\BOOKMARK [3][-]{subsubsection.7.15.2.3}{\376\377\0007\000.\0001\0005\000.\0002\000.\0003\000\040\000s\000t\000r\000e\000s\000s\000T\000e\000s\000t\000\050\000\051}{subsection.7.15.2}% 263
\BOOKMARK [3][-]{subsubsection.7.15.2.4}{\376\377\0007\000.\0001\0005\000.\0002\000.\0004\000\040\000t\000e\000s\000t\000B\000a\000s\000i\000c\000I\000n\000s\000e\000r\000t\000i\000o\000n\000\050\000\051}{subsection.7.15.2}% 264
\BOOKMARK [3][-]{subsubsection.7.15.2.5}{\376\377\0007\000.\0001\0005\000.\0002\000.\0005\000\040\000t\000e\000s\000t\000B\000a\000t\000c\000h\000O\000p\000e\000r\000a\000t\000i\000o\000n\000s\000\050\000\051}{subsection.7.15.2}% 265
\BOOKMARK [3][-]{subsubsection.7.15.2.6}{\376\377\0007\000.\0001\0005\000.\0002\000.\0006\000\040\000t\000e\000s\000t\000C\000o\000p\000y\000A\000n\000d\000M\000o\000v\000e\000\050\000\051}{subsection.7.15.2}% 266
\BOOKMARK [3][-]{subsubsection.7.15.2.7}{\376\377\0007\000.\0001\0005\000.\0002\000.\0007\000\040\000t\000e\000s\000t\000D\000e\000l\000e\000t\000i\000o\000n\000\050\000\051}{subsection.7.15.2}% 267
\BOOKMARK [3][-]{subsubsection.7.15.2.8}{\376\377\0007\000.\0001\0005\000.\0002\000.\0008\000\040\000t\000e\000s\000t\000I\000t\000e\000r\000a\000t\000o\000r\000\050\000\051}{subsection.7.15.2}% 268
\BOOKMARK [3][-]{subsubsection.7.15.2.9}{\376\377\0007\000.\0001\0005\000.\0002\000.\0009\000\040\000t\000e\000s\000t\000N\000e\000w\000M\000e\000t\000h\000o\000d\000s\000\050\000\051}{subsection.7.15.2}% 269
\BOOKMARK [3][-]{subsubsection.7.15.2.10}{\376\377\0007\000.\0001\0005\000.\0002\000.\0001\0000\000\040\000t\000e\000s\000t\000O\000p\000e\000r\000a\000t\000o\000r\000s\000\050\000\051}{subsection.7.15.2}% 270
\BOOKMARK [3][-]{subsubsection.7.15.2.11}{\376\377\0007\000.\0001\0005\000.\0002\000.\0001\0001\000\040\000t\000e\000s\000t\000O\000r\000d\000e\000r\000e\000d\000I\000n\000s\000e\000r\000t\000i\000o\000n\000\050\000\051}{subsection.7.15.2}% 271
\BOOKMARK [3][-]{subsubsection.7.15.2.12}{\376\377\0007\000.\0001\0005\000.\0002\000.\0001\0002\000\040\000t\000e\000s\000t\000R\000e\000b\000u\000i\000l\000d\000i\000n\000g\000\050\000\051}{subsection.7.15.2}% 272
\BOOKMARK [3][-]{subsubsection.7.15.2.13}{\376\377\0007\000.\0001\0005\000.\0002\000.\0001\0003\000\040\000t\000e\000s\000t\000U\000a\000n\000d\000R\000\050\000\051}{subsection.7.15.2}% 273
\BOOKMARK [1][-]{section.7.16}{\376\377\0007\000.\0001\0006\000\040\000C\000P\000P\000/\000T\000r\000e\000e\000D\000r\000i\000v\000e\000r\000.\000c\000p\000p\000\040\000F\000i\000l\000e\000\040\000R\000e\000f\000e\000r\000e\000n\000c\000e}{chapter.7}% 274
\BOOKMARK [2][-]{subsection.7.16.1}{\376\377\0007\000.\0001\0006\000.\0001\000\040\000F\000u\000n\000c\000t\000i\000o\000n\000\040\000D\000o\000c\000u\000m\000e\000n\000t\000a\000t\000i\000o\000n}{section.7.16}% 275
\BOOKMARK [3][-]{subsubsection.7.16.1.1}{\376\377\0007\000.\0001\0006\000.\0001\000.\0001\000\040\000C\000l\000e\000a\000n\000u\000p\000D\000e\000v\000i\000c\000e\000D\0003\000D\000\050\000\051}{subsection.7.16.1}% 276
\BOOKMARK [3][-]{subsubsection.7.16.1.2}{\376\377\0007\000.\0001\0006\000.\0001\000.\0002\000\040\000C\000l\000e\000a\000n\000u\000p\000R\000e\000n\000d\000e\000r\000T\000a\000r\000g\000e\000t\000\050\000\051}{subsection.7.16.1}% 277
\BOOKMARK [3][-]{subsubsection.7.16.1.3}{\376\377\0007\000.\0001\0006\000.\0001\000.\0003\000\040\000C\000r\000e\000a\000t\000e\000D\000e\000v\000i\000c\000e\000D\0003\000D\000\050\000\051}{subsection.7.16.1}% 278
\BOOKMARK [3][-]{subsubsection.7.16.1.4}{\376\377\0007\000.\0001\0006\000.\0001\000.\0004\000\040\000C\000r\000e\000a\000t\000e\000R\000e\000n\000d\000e\000r\000T\000a\000r\000g\000e\000t\000\050\000\051}{subsection.7.16.1}% 279
\BOOKMARK [3][-]{subsubsection.7.16.1.5}{\376\377\0007\000.\0001\0006\000.\0001\000.\0005\000\040\000I\000m\000G\000u\000i\000\137\000I\000m\000p\000l\000W\000i\000n\0003\0002\000\137\000W\000n\000d\000P\000r\000o\000c\000H\000a\000n\000d\000l\000e\000r\000\050\000\051}{subsection.7.16.1}% 280
\BOOKMARK [3][-]{subsubsection.7.16.1.6}{\376\377\0007\000.\0001\0006\000.\0001\000.\0006\000\040\000m\000a\000i\000n\000\050\000\051}{subsection.7.16.1}% 281
\BOOKMARK [3][-]{subsubsection.7.16.1.7}{\376\377\0007\000.\0001\0006\000.\0001\000.\0007\000\040\000W\000n\000d\000P\000r\000o\000c\000\050\000\051}{subsection.7.16.1}% 282
\BOOKMARK [2][-]{subsection.7.16.2}{\376\377\0007\000.\0001\0006\000.\0002\000\040\000V\000a\000r\000i\000a\000b\000l\000e\000\040\000D\000o\000c\000u\000m\000e\000n\000t\000a\000t\000i\000o\000n}{section.7.16}% 283
\BOOKMARK [3][-]{subsubsection.7.16.2.1}{\376\377\0007\000.\0001\0006\000.\0002\000.\0001\000\040\000g\000\137\000m\000a\000i\000n\000R\000e\000n\000d\000e\000r\000T\000a\000r\000g\000e\000t\000V\000i\000e\000w}{subsection.7.16.2}% 284
\BOOKMARK [3][-]{subsubsection.7.16.2.2}{\376\377\0007\000.\0001\0006\000.\0002\000.\0002\000\040\000g\000\137\000p\000d\0003\000d\000D\000e\000v\000i\000c\000e}{subsection.7.16.2}% 285
\BOOKMARK [3][-]{subsubsection.7.16.2.3}{\376\377\0007\000.\0001\0006\000.\0002\000.\0003\000\040\000g\000\137\000p\000d\0003\000d\000D\000e\000v\000i\000c\000e\000C\000o\000n\000t\000e\000x\000t}{subsection.7.16.2}% 286
\BOOKMARK [3][-]{subsubsection.7.16.2.4}{\376\377\0007\000.\0001\0006\000.\0002\000.\0004\000\040\000g\000\137\000p\000S\000w\000a\000p\000C\000h\000a\000i\000n}{subsection.7.16.2}% 287
\BOOKMARK [3][-]{subsubsection.7.16.2.5}{\376\377\0007\000.\0001\0006\000.\0002\000.\0005\000\040\000g\000\137\000R\000e\000s\000i\000z\000e\000H\000e\000i\000g\000h\000t}{subsection.7.16.2}% 288
\BOOKMARK [3][-]{subsubsection.7.16.2.6}{\376\377\0007\000.\0001\0006\000.\0002\000.\0006\000\040\000g\000\137\000R\000e\000s\000i\000z\000e\000W\000i\000d\000t\000h}{subsection.7.16.2}% 289
\BOOKMARK [3][-]{subsubsection.7.16.2.7}{\376\377\0007\000.\0001\0006\000.\0002\000.\0007\000\040\000g\000\137\000S\000w\000a\000p\000C\000h\000a\000i\000n\000O\000c\000c\000l\000u\000d\000e\000d}{subsection.7.16.2}% 290
\BOOKMARK [3][-]{subsubsection.7.16.2.8}{\376\377\0007\000.\0001\0006\000.\0002\000.\0008\000\040\000g\000\137\000W\000i\000n\000d\000o\000w\000P\000o\000s}{subsection.7.16.2}% 291
\BOOKMARK [3][-]{subsubsection.7.16.2.9}{\376\377\0007\000.\0001\0006\000.\0002\000.\0009\000\040\000g\000\137\000W\000i\000n\000d\000o\000w\000S\000i\000z\000e}{subsection.7.16.2}% 292
\BOOKMARK [3][-]{subsubsection.7.16.2.10}{\376\377\0007\000.\0001\0006\000.\0002\000.\0001\0000\000\040\000g\000\137\000W\000i\000n\000d\000o\000w\000V\000e\000l}{subsection.7.16.2}% 293
\BOOKMARK [1][-]{section.7.17}{\376\377\0007\000.\0001\0007\000\040\000C\000P\000P\000/\000v\000e\000c\000t\000o\000r\000.\000h\000p\000p\000\040\000F\000i\000l\000e\000\040\000R\000e\000f\000e\000r\000e\000n\000c\000e}{chapter.7}% 294
\BOOKMARK [1][-]{section.7.18}{\376\377\0007\000.\0001\0008\000\040\000v\000e\000c\000t\000o\000r\000.\000h\000p\000p}{chapter.7}% 295
\BOOKMARK [1][-]{section.7.19}{\376\377\0007\000.\0001\0009\000\040\000R\000E\000A\000D\000M\000E\000.\000m\000d\000\040\000F\000i\000l\000e\000\040\000R\000e\000f\000e\000r\000e\000n\000c\000e}{chapter.7}% 296
